[2026-03-04 15:33:13][INFO]: Etterna v0.74.4 - Build v0.74.4-0-gb6566006
[2026-03-04 15:33:13][INFO]: System: Windows 10.0 Professional (Build #26200)
[2026-03-04 15:33:13][INFO]: CPU: 11th Gen Intel(R) Core(TM) i5-1135G7 @ 2.40GHz
[2026-03-04 15:33:13][INFO]: System Architecture: x64
[2026-03-04 15:33:13][INFO]: Total Memory: 7.8125GB
[2026-03-04 15:33:13][WARN]: Reading 'Data/Defaults.ini' failed: No such file or directory
[2026-03-04 15:33:13][WARN]: Reading 'Data/Static.ini' failed: No such file or directory
[2026-03-04 15:33:13][WARN]: Reading 'Data/Static.ini' failed: No such file or directory
[2026-03-04 15:33:13][WARN]: Reading 'Data/Defaults.ini' failed: No such file or directory
[2026-03-04 15:33:13][WARN]: Reading 'Data/Static.ini' failed: No such file or directory
[2026-03-04 15:33:13][WARN]: Reading 'Data/Static.ini' failed: No such file or directory
[2026-03-04 15:33:13][INFO]: Crash dumps WILL be uploaded if the game crashes.
[2026-03-04 15:33:13][INFO]: Logging level 2 (0 - TRACE | 5 - FATAL)
[2026-03-04 15:33:13][INFO]: Loading window: win32
[2026-03-04 15:33:13][INFO]: ThemeManager::SwitchThemeAndLanguage: "Holographic-Void", "en"
[2026-03-04 15:33:13][INFO]: Theme: Holographic-Void
[2026-03-04 15:33:13][INFO]: Language: en
[2026-03-04 15:33:13][INFO]: Loading "/Scripts/32log.lua" ...
[2026-03-04 15:33:13][INFO]: Loading "/Scripts/extend_table.lua" ...
[2026-03-04 15:33:13][INFO]: Loading "/Scripts/32log.lua" ...
[2026-03-04 15:33:13][INFO]: Loading "/Scripts/extend_table.lua" ...
[2026-03-04 15:33:13][INFO]: Loading "/Themes/_fallback/Scripts/00 compat.lua" ...
[2026-03-04 15:33:13][INFO]: Loading "/Themes/_fallback/Scripts/00 init.lua" ...
[2026-03-04 15:33:13][INFO]: Loading "/Themes/_fallback/Scripts/00 Utility.lua" ...
[2026-03-04 15:33:13][INFO]: Loading "/Themes/_fallback/Scripts/01 alias.lua" ...
[2026-03-04 15:33:13][INFO]: Loading "/Themes/_fallback/Scripts/01 base.lua" ...
[2026-03-04 15:33:13][INFO]: Loading "/Themes/_fallback/Scripts/01 Functional.lua" ...
[2026-03-04 15:33:13][INFO]: Loading "/Themes/_fallback/Scripts/01 IniFile.lua" ...
[2026-03-04 15:33:13][INFO]: Loading "/Themes/_fallback/Scripts/02 Actor.lua" ...
[2026-03-04 15:33:13][INFO]: Loading "/Themes/_fallback/Scripts/02 ActorDef.lua" ...
[2026-03-04 15:33:13][INFO]: Loading "/Themes/_fallback/Scripts/02 Branches.lua" ...
[2026-03-04 15:33:13][INFO]: Loading "/Themes/_fallback/Scripts/02 Colors.lua" ...
[2026-03-04 15:33:13][INFO]: Loading "/Themes/_fallback/Scripts/02 Debug.lua" ...
[2026-03-04 15:33:13][INFO]: Loading "/Themes/_fallback/Scripts/02 Enum.lua" ...
[2026-03-04 15:33:13][INFO]: Loading "/Themes/_fallback/Scripts/02 OptionsMenu.lua" ...
[2026-03-04 15:33:13][INFO]: Loading "/Themes/_fallback/Scripts/02 Other.lua" ...
[2026-03-04 15:33:13][INFO]: Loading "/Themes/_fallback/Scripts/02 Serialize.lua" ...
[2026-03-04 15:33:13][INFO]: Loading "/Themes/_fallback/Scripts/02 Sprite.lua" ...
[2026-03-04 15:33:13][INFO]: Loading "/Themes/_fallback/Scripts/02 StageMods.lua" ...
[2026-03-04 15:33:13][INFO]: Loading "/Themes/_fallback/Scripts/02 ThemePrefs.lua" ...
[2026-03-04 15:33:13][INFO]: Loading "/Themes/_fallback/Scripts/02 ThemePrefsRows.lua" ...
[2026-03-04 15:33:13][INFO]: Loading "/Themes/_fallback/Scripts/02 Utilities.lua" ...
[2026-03-04 15:33:13][INFO]: Loading "/Themes/_fallback/Scripts/03 CustomSpeedMods.lua" ...
[2026-03-04 15:33:13][INFO]: Loading "/Themes/_fallback/Scripts/03 DisplaySpecs.lua" ...
[2026-03-04 15:33:13][INFO]: Loading "/Themes/_fallback/Scripts/03 Gameplay.lua" ...
[2026-03-04 15:33:13][INFO]: Loading "/Themes/_fallback/Scripts/03 GamePreferences.lua" ...
[2026-03-04 15:33:13][INFO]: Loading "/Themes/_fallback/Scripts/03 UserPreferences2.lua" ...
[2026-03-04 15:33:13][WARN]: Reading 'Themes/_fallback/ThemeInfo.ini' failed: No such file or directory
[2026-03-04 15:33:13][INFO]: Loading "/Themes/_fallback/Scripts/04 LogDisplay.lua" ...
[2026-03-04 15:33:13][INFO]: Loading "/Themes/_fallback/Scripts/04 NumPadEntry.lua" ...
[2026-03-04 15:33:13][INFO]: Loading "/Themes/_fallback/Scripts/04 SetBGFitHelpers.lua" ...
[2026-03-04 15:33:13][INFO]: Loading "/Themes/_fallback/Scripts/09 PackList.lua" ...
[2026-03-04 15:33:13][INFO]: Loading "/Themes/_fallback/Scripts/09 SimNSkinPreview.lua" ...
[2026-03-04 15:33:13][INFO]: Loading "/Themes/_fallback/Scripts/10 AudioVisualizer.lua" ...
[2026-03-04 15:33:13][INFO]: Loading "/Themes/_fallback/Scripts/10 FileUtils.lua" ...
[2026-03-04 15:33:13][INFO]: Loading "/Themes/_fallback/Scripts/10 Scores.lua" ...
[2026-03-04 15:33:13][INFO]: Loading "/Themes/_fallback/Scripts/10 settings_system.lua" ...
[2026-03-04 15:33:13][INFO]: Loading "/Themes/_fallback/Scripts/10 Texts.lua" ...
[2026-03-04 15:33:13][INFO]: Loading "/Themes/_fallback/Scripts/10 WifeSundries.lua" ...
[2026-03-04 15:33:13][INFO]: Loading "/Themes/_fallback/Scripts/11 AssetsConfig.lua" ...
[2026-03-04 15:33:13][INFO]: Loading "/Themes/_fallback/Scripts/12 AssetsUtils.lua" ...
[2026-03-04 15:33:13][INFO]: Loading "/Themes/_fallback/Scripts/72 custom_windows_config.lua" ...
[2026-03-04 15:33:13][INFO]: Loading "/Themes/_fallback/Scripts/96 Tooltip.lua" ...
[2026-03-04 15:33:13][INFO]: Loading "/Themes/_fallback/Scripts/97 UIElements.lua" ...
[2026-03-04 15:33:13][INFO]: Loading "/Themes/_fallback/Scripts/99 util.lua" ...
[2026-03-04 15:33:13][INFO]: Loading "/Themes/_fallback/Scripts/find_missing_lang_strings.lua" ...
[2026-03-04 15:33:13][INFO]: Loading "/Themes/Holographic-Void/Scripts/01 Init.lua" ...
[2026-03-04 15:33:13][INFO]: Holographic Void: 01 Init.lua loaded.
[2026-03-04 15:33:13][INFO]: Loading "/Themes/Holographic-Void/Scripts/02 Colors.lua" ...
[2026-03-04 15:33:13][INFO]: Holographic Void: 02 Colors.lua loaded.
[2026-03-04 15:33:13][INFO]: Loading "/Themes/Holographic-Void/Scripts/03 ThemePrefs.lua" ...
[2026-03-04 15:33:13][INFO]: ThemePrefs.Init: loading from disk
[2026-03-04 15:33:13][INFO]: IniFile.ReadFile( Save/ThemePrefs.ini )
[2026-03-04 15:33:13][INFO]: Holographic Void: 03 ThemePrefs.lua loaded.
[2026-03-04 15:33:13][INFO]: Loading "/Themes/Holographic-Void/Scripts/04 ThemePrefsRows.lua" ...
[2026-03-04 15:33:13][INFO]: Holographic Void: 04 ThemePrefsRows.lua loaded.
[2026-03-04 15:33:13][INFO]: Loading "/Themes/Holographic-Void/Scripts/05 Transitions.lua" ...
[2026-03-04 15:33:13][INFO]: Holographic Void: 05 Transitions.lua loaded.
[2026-03-04 15:33:13][INFO]: Loading "/Themes/Holographic-Void/Scripts/06 Mouse.lua" ...
[2026-03-04 15:33:13][INFO]: Loading "/Themes/Holographic-Void/Scripts/07 Util.lua" ...
[2026-03-04 15:33:13][INFO]: Holographic Void: 07 Util.lua loaded.
[2026-03-04 15:33:13][INFO]: Loading "/Themes/Holographic-Void/Scripts/08 EtternaUtils.lua" ...
[2026-03-04 15:33:13][INFO]: Holographic Void: 08 EtternaUtils.lua loaded (expanded).
[2026-03-04 15:33:13][INFO]: Loading "/Themes/Holographic-Void/Scripts/08 Tags.lua" ...
[2026-03-04 15:33:13][INFO]: Holographic Void: TAGMAN initialized (Source: tags.lua)
[2026-03-04 15:33:14][INFO]: WaveOut software mixing at 44100hz
[2026-03-04 15:33:14][INFO]: Starting thread: Decode thread
[2026-03-04 15:33:14][INFO]: Starting thread: Mixer thread
[2026-03-04 15:33:14][INFO]: Sound driver: WaveOut
[2026-03-04 15:33:14][INFO]: Starting thread: Music thread
[2026-03-04 15:33:14][INFO]: ThemeManager::SwitchThemeAndLanguage: "Holographic-Void", "en"
[2026-03-04 15:33:14][INFO]: Beginning InitSongsFromDisk
[2026-03-04 15:33:14][INFO]: Beginning LoadCache
[2026-03-04 15:33:14][INFO]: LoadCache Started 8 Threads
[2026-03-04 15:33:14][INFO]: LoadCache Thread 7 Finished
[2026-03-04 15:33:14][INFO]: LoadCache Thread 2 Finished
[2026-03-04 15:33:14][INFO]: LoadCache Thread 1 Finished
[2026-03-04 15:33:14][INFO]: LoadCache Thread 5 Finished
[2026-03-04 15:33:14][INFO]: LoadCache Thread 0 Finished
[2026-03-04 15:33:14][INFO]: LoadCache Thread 6 Finished
[2026-03-04 15:33:14][INFO]: LoadCache Thread 3 Finished
[2026-03-04 15:33:14][INFO]: LoadCache Thread 4 Finished
[2026-03-04 15:33:14][INFO]: Finished LoadCache
[2026-03-04 15:33:14][INFO]: InitSongsFromDisk Starting 8 Threads
[2026-03-04 15:33:14][INFO]: InitSongsFromDisk Threads Finished
[2026-03-04 15:33:14][INFO]: LoadStepmaniaSongDir Starting: Songs/
[2026-03-04 15:33:14][WARN]: Creating Ungrouped Songs group with 2 songs... This means you may have a Song folder that isn't inside a pack.
[2026-03-04 15:33:14][INFO]: LoadStepmaniaSongDir Starting 8 Threads for Dir Songs/
[2026-03-04 15:33:14][INFO]: Song /Songs/Fullerene Shift/_Song List/ has no SSC, SM, SMA, DWI, BMS, KSF, or OSU files - ignoring
[2026-03-04 15:33:14][INFO]: Song /Songs/Silvia Drive/shirubiadraibu/ has no SSC, SM, SMA, DWI, BMS, KSF, or OSU files - ignoring
[2026-03-04 15:33:14][INFO]: Song /Songs/nift's test simfiles for testing/Session/ has no SSC, SM, SMA, DWI, BMS, KSF, or OSU files - ignoring
[2026-03-04 15:33:14][INFO]: Song /Songs/Timdam Snackpack 2/299 Addiction (Wiosna)/ has no SSC, SM, SMA, DWI, BMS, KSF, or OSU files - ignoring
[2026-03-04 15:33:14][INFO]: Song /Songs/nift's test simfiles for testing/shirubiadraibu/ has no SSC, SM, SMA, DWI, BMS, KSF, or OSU files - ignoring
[2026-03-04 15:33:14][INFO]: Song /Songs/nift's test simfiles for testing/Urushi/ has no SSC, SM, SMA, DWI, BMS, KSF, or OSU files - ignoring
[2026-03-04 15:33:15][INFO]: Loaded 2 songs from "Songs/Unknown Group"
[2026-03-04 15:33:15][INFO]: LoadStepmaniaSongDir Finished: Songs/
[2026-03-04 15:33:15][INFO]: LoadStepmaniaSongDir Starting: /AdditionalSongs/
[2026-03-04 15:33:15][INFO]: LoadStepmaniaSongDir Finished: /AdditionalSongs/
[2026-03-04 15:33:15][INFO]: InitSongsFromDisk Found 658 songs in 1.471259 seconds
[2026-03-04 15:33:15][INFO]: Loading the Calc Test node.
[2026-03-04 15:33:15][INFO]: Loading /Save/LocalProfiles/00000000/Etterna.xml
[2026-03-04 15:33:15][INFO]: Done loading from file
[2026-03-04 15:33:15][INFO]: Loaded replay data type 2 at Save/ReplaysV2/S3b02424bde186bd8aeed6728e3edbd6396f7cd76
[2026-03-04 15:33:15][INFO]: Attempting to connect to: multi.etternaonline.com, Port: 8765
[2026-03-04 15:33:15][ERROR]: Could not create ettp connection because: Connection creation attempt failed
[2026-03-04 15:33:17][INFO]: Connected to ett server: multi.etternaonline.com
[2026-03-04 15:33:17][INFO]: Server Version: 0 
[2026-03-04 15:33:17][INFO]: Last seen video driver: Intel(R) Iris(R) Xe Graphics
[2026-03-04 15:33:17][INFO]: Video renderers: 'd3d, opengl'
[2026-03-04 15:33:17][INFO]: RageDisplay_D3D::RageDisplay_D3D()
[2026-03-04 15:33:17][INFO]: Current renderer: Direct3D
[2026-03-04 15:33:17][INFO]: Driver: igdumdim64.dll
Description: Intel(R) Iris(R) Xe Graphics
Max texture size: 8192
Alpha in palette: no

[2026-03-04 15:33:17][INFO]: This display adaptor supports the following modes:
[2026-03-04 15:33:17][INFO]:   2880x1920 60Hz, format 22
[2026-03-04 15:33:17][INFO]:   2880x1920 48Hz, format 22
[2026-03-04 15:33:17][INFO]:   2880x1920 30Hz, format 22
[2026-03-04 15:33:17][INFO]:   2880x1920 24Hz, format 22
[2026-03-04 15:33:17][INFO]:   2880x1920 120Hz, format 22
[2026-03-04 15:33:17][INFO]:   2880x1920 100Hz, format 22
[2026-03-04 15:33:17][INFO]:   2880x1920 75Hz, format 22
[2026-03-04 15:33:17][INFO]:   640x480 60Hz, format 22
[2026-03-04 15:33:17][INFO]:   640x480 48Hz, format 22
[2026-03-04 15:33:17][INFO]:   640x480 30Hz, format 22
[2026-03-04 15:33:17][INFO]:   640x480 24Hz, format 22
[2026-03-04 15:33:17][INFO]:   640x480 120Hz, format 22
[2026-03-04 15:33:17][INFO]:   640x480 100Hz, format 22
[2026-03-04 15:33:17][INFO]:   640x480 75Hz, format 22
[2026-03-04 15:33:17][INFO]:   800x600 60Hz, format 22
[2026-03-04 15:33:17][INFO]:   800x600 48Hz, format 22
[2026-03-04 15:33:17][INFO]:   800x600 30Hz, format 22
[2026-03-04 15:33:17][INFO]:   800x600 24Hz, format 22
[2026-03-04 15:33:17][INFO]:   800x600 120Hz, format 22
[2026-03-04 15:33:17][INFO]:   800x600 100Hz, format 22
[2026-03-04 15:33:17][INFO]:   800x600 75Hz, format 22
[2026-03-04 15:33:17][INFO]:   1024x768 60Hz, format 22
[2026-03-04 15:33:17][INFO]:   1024x768 48Hz, format 22
[2026-03-04 15:33:17][INFO]:   1024x768 30Hz, format 22
[2026-03-04 15:33:17][INFO]:   1024x768 24Hz, format 22
[2026-03-04 15:33:17][INFO]:   1024x768 120Hz, format 22
[2026-03-04 15:33:17][INFO]:   1024x768 100Hz, format 22
[2026-03-04 15:33:17][INFO]:   1024x768 75Hz, format 22
[2026-03-04 15:33:17][INFO]:   1152x864 60Hz, format 22
[2026-03-04 15:33:17][INFO]:   1152x864 48Hz, format 22
[2026-03-04 15:33:17][INFO]:   1152x864 30Hz, format 22
[2026-03-04 15:33:17][INFO]:   1152x864 24Hz, format 22
[2026-03-04 15:33:17][INFO]:   1152x864 120Hz, format 22
[2026-03-04 15:33:17][INFO]:   1152x864 100Hz, format 22
[2026-03-04 15:33:17][INFO]:   1152x864 75Hz, format 22
[2026-03-04 15:33:17][INFO]:   1280x600 60Hz, format 22
[2026-03-04 15:33:17][INFO]:   1280x600 48Hz, format 22
[2026-03-04 15:33:17][INFO]:   1280x600 30Hz, format 22
[2026-03-04 15:33:17][INFO]:   1280x600 24Hz, format 22
[2026-03-04 15:33:17][INFO]:   1280x600 120Hz, format 22
[2026-03-04 15:33:17][INFO]:   1280x600 100Hz, format 22
[2026-03-04 15:33:17][INFO]:   1280x600 75Hz, format 22
[2026-03-04 15:33:17][INFO]:   1280x720 60Hz, format 22
[2026-03-04 15:33:17][INFO]:   1280x720 48Hz, format 22
[2026-03-04 15:33:17][INFO]:   1280x720 30Hz, format 22
[2026-03-04 15:33:17][INFO]:   1280x720 24Hz, format 22
[2026-03-04 15:33:17][INFO]:   1280x720 120Hz, format 22
[2026-03-04 15:33:17][INFO]:   1280x720 100Hz, format 22
[2026-03-04 15:33:17][INFO]:   1280x720 75Hz, format 22
[2026-03-04 15:33:17][INFO]:   1280x768 60Hz, format 22
[2026-03-04 15:33:17][INFO]:   1280x768 48Hz, format 22
[2026-03-04 15:33:17][INFO]:   1280x768 30Hz, format 22
[2026-03-04 15:33:17][INFO]:   1280x768 24Hz, format 22
[2026-03-04 15:33:17][INFO]:   1280x768 120Hz, format 22
[2026-03-04 15:33:17][INFO]:   1280x768 100Hz, format 22
[2026-03-04 15:33:17][INFO]:   1280x768 75Hz, format 22
[2026-03-04 15:33:17][INFO]:   1280x800 60Hz, format 22
[2026-03-04 15:33:17][INFO]:   1280x800 48Hz, format 22
[2026-03-04 15:33:17][INFO]:   1280x800 30Hz, format 22
[2026-03-04 15:33:17][INFO]:   1280x800 24Hz, format 22
[2026-03-04 15:33:17][INFO]:   1280x800 120Hz, format 22
[2026-03-04 15:33:17][INFO]:   1280x800 100Hz, format 22
[2026-03-04 15:33:17][INFO]:   1280x800 75Hz, format 22
[2026-03-04 15:33:17][INFO]:   1280x960 60Hz, format 22
[2026-03-04 15:33:17][INFO]:   1280x960 48Hz, format 22
[2026-03-04 15:33:17][INFO]:   1280x960 30Hz, format 22
[2026-03-04 15:33:17][INFO]:   1280x960 24Hz, format 22
[2026-03-04 15:33:17][INFO]:   1280x960 120Hz, format 22
[2026-03-04 15:33:17][INFO]:   1280x960 100Hz, format 22
[2026-03-04 15:33:17][INFO]:   1280x960 75Hz, format 22
[2026-03-04 15:33:17][INFO]:   1280x1024 60Hz, format 22
[2026-03-04 15:33:17][INFO]:   1280x1024 48Hz, format 22
[2026-03-04 15:33:17][INFO]:   1280x1024 30Hz, format 22
[2026-03-04 15:33:17][INFO]:   1280x1024 24Hz, format 22
[2026-03-04 15:33:17][INFO]:   1280x1024 120Hz, format 22
[2026-03-04 15:33:17][INFO]:   1280x1024 100Hz, format 22
[2026-03-04 15:33:17][INFO]:   1280x1024 75Hz, format 22
[2026-03-04 15:33:17][INFO]:   1360x768 60Hz, format 22
[2026-03-04 15:33:17][INFO]:   1360x768 48Hz, format 22
[2026-03-04 15:33:17][INFO]:   1360x768 30Hz, format 22
[2026-03-04 15:33:17][INFO]:   1360x768 24Hz, format 22
[2026-03-04 15:33:17][INFO]:   1360x768 120Hz, format 22
[2026-03-04 15:33:17][INFO]:   1360x768 100Hz, format 22
[2026-03-04 15:33:17][INFO]:   1360x768 75Hz, format 22
[2026-03-04 15:33:17][INFO]:   1366x768 60Hz, format 22
[2026-03-04 15:33:17][INFO]:   1366x768 48Hz, format 22
[2026-03-04 15:33:17][INFO]:   1366x768 30Hz, format 22
[2026-03-04 15:33:17][INFO]:   1366x768 24Hz, format 22
[2026-03-04 15:33:17][INFO]:   1366x768 120Hz, format 22
[2026-03-04 15:33:17][INFO]:   1366x768 100Hz, format 22
[2026-03-04 15:33:17][INFO]:   1366x768 75Hz, format 22
[2026-03-04 15:33:17][INFO]:   1400x1050 60Hz, format 22
[2026-03-04 15:33:17][INFO]:   1400x1050 48Hz, format 22
[2026-03-04 15:33:17][INFO]:   1400x1050 30Hz, format 22
[2026-03-04 15:33:17][INFO]:   1400x1050 24Hz, format 22
[2026-03-04 15:33:17][INFO]:   1400x1050 120Hz, format 22
[2026-03-04 15:33:17][INFO]:   1400x1050 100Hz, format 22
[2026-03-04 15:33:17][INFO]:   1400x1050 75Hz, format 22
[2026-03-04 15:33:17][INFO]:   1440x900 60Hz, format 22
[2026-03-04 15:33:17][INFO]:   1440x900 48Hz, format 22
[2026-03-04 15:33:17][INFO]:   1440x900 30Hz, format 22
[2026-03-04 15:33:17][INFO]:   1440x900 24Hz, format 22
[2026-03-04 15:33:17][INFO]:   1440x900 120Hz, format 22
[2026-03-04 15:33:17][INFO]:   1440x900 100Hz, format 22
[2026-03-04 15:33:17][INFO]:   1440x900 75Hz, format 22
[2026-03-04 15:33:17][INFO]:   1600x900 60Hz, format 22
[2026-03-04 15:33:17][INFO]:   1600x900 48Hz, format 22
[2026-03-04 15:33:17][INFO]:   1600x900 30Hz, format 22
[2026-03-04 15:33:17][INFO]:   1600x900 24Hz, format 22
[2026-03-04 15:33:17][INFO]:   1600x900 120Hz, format 22
[2026-03-04 15:33:17][INFO]:   1600x900 100Hz, format 22
[2026-03-04 15:33:17][INFO]:   1600x900 75Hz, format 22
[2026-03-04 15:33:17][INFO]:   1600x1200 60Hz, format 22
[2026-03-04 15:33:17][INFO]:   1600x1200 48Hz, format 22
[2026-03-04 15:33:17][INFO]:   1600x1200 30Hz, format 22
[2026-03-04 15:33:17][INFO]:   1600x1200 24Hz, format 22
[2026-03-04 15:33:17][INFO]:   1600x1200 120Hz, format 22
[2026-03-04 15:33:17][INFO]:   1600x1200 100Hz, format 22
[2026-03-04 15:33:17][INFO]:   1600x1200 75Hz, format 22
[2026-03-04 15:33:17][INFO]:   1680x1050 60Hz, format 22
[2026-03-04 15:33:17][INFO]:   1680x1050 48Hz, format 22
[2026-03-04 15:33:17][INFO]:   1680x1050 30Hz, format 22
[2026-03-04 15:33:17][INFO]:   1680x1050 24Hz, format 22
[2026-03-04 15:33:17][INFO]:   1680x1050 120Hz, format 22
[2026-03-04 15:33:17][INFO]:   1680x1050 100Hz, format 22
[2026-03-04 15:33:17][INFO]:   1680x1050 75Hz, format 22
[2026-03-04 15:33:17][INFO]:   1792x1344 60Hz, format 22
[2026-03-04 15:33:17][INFO]:   1792x1344 48Hz, format 22
[2026-03-04 15:33:17][INFO]:   1792x1344 30Hz, format 22
[2026-03-04 15:33:17][INFO]:   1792x1344 24Hz, format 22
[2026-03-04 15:33:17][INFO]:   1792x1344 120Hz, format 22
[2026-03-04 15:33:17][INFO]:   1792x1344 100Hz, format 22
[2026-03-04 15:33:17][INFO]:   1792x1344 75Hz, format 22
[2026-03-04 15:33:17][INFO]:   1856x1392 60Hz, format 22
[2026-03-04 15:33:17][INFO]:   1856x1392 48Hz, format 22
[2026-03-04 15:33:17][INFO]:   1856x1392 30Hz, format 22
[2026-03-04 15:33:17][INFO]:   1856x1392 24Hz, format 22
[2026-03-04 15:33:17][INFO]:   1856x1392 120Hz, format 22
[2026-03-04 15:33:17][INFO]:   1856x1392 100Hz, format 22
[2026-03-04 15:33:17][INFO]:   1856x1392 75Hz, format 22
[2026-03-04 15:33:17][INFO]:   1920x1080 60Hz, format 22
[2026-03-04 15:33:17][INFO]:   1920x1080 48Hz, format 22
[2026-03-04 15:33:17][INFO]:   1920x1080 30Hz, format 22
[2026-03-04 15:33:17][INFO]:   1920x1080 24Hz, format 22
[2026-03-04 15:33:17][INFO]:   1920x1080 120Hz, format 22
[2026-03-04 15:33:17][INFO]:   1920x1080 100Hz, format 22
[2026-03-04 15:33:17][INFO]:   1920x1080 75Hz, format 22
[2026-03-04 15:33:17][INFO]:   1920x1200 60Hz, format 22
[2026-03-04 15:33:17][INFO]:   1920x1200 48Hz, format 22
[2026-03-04 15:33:17][INFO]:   1920x1200 30Hz, format 22
[2026-03-04 15:33:17][INFO]:   1920x1200 24Hz, format 22
[2026-03-04 15:33:17][INFO]:   1920x1200 120Hz, format 22
[2026-03-04 15:33:17][INFO]:   1920x1200 100Hz, format 22
[2026-03-04 15:33:17][INFO]:   1920x1200 75Hz, format 22
[2026-03-04 15:33:17][INFO]:   1920x1440 60Hz, format 22
[2026-03-04 15:33:17][INFO]:   1920x1440 48Hz, format 22
[2026-03-04 15:33:17][INFO]:   1920x1440 30Hz, format 22
[2026-03-04 15:33:17][INFO]:   1920x1440 24Hz, format 22
[2026-03-04 15:33:17][INFO]:   1920x1440 120Hz, format 22
[2026-03-04 15:33:17][INFO]:   1920x1440 100Hz, format 22
[2026-03-04 15:33:17][INFO]:   1920x1440 75Hz, format 22
[2026-03-04 15:33:17][INFO]:   2048x1152 60Hz, format 22
[2026-03-04 15:33:17][INFO]:   2048x1152 48Hz, format 22
[2026-03-04 15:33:17][INFO]:   2048x1152 30Hz, format 22
[2026-03-04 15:33:17][INFO]:   2048x1152 24Hz, format 22
[2026-03-04 15:33:17][INFO]:   2048x1152 120Hz, format 22
[2026-03-04 15:33:17][INFO]:   2048x1152 100Hz, format 22
[2026-03-04 15:33:17][INFO]:   2048x1152 75Hz, format 22
[2026-03-04 15:33:17][INFO]:   2048x1536 60Hz, format 22
[2026-03-04 15:33:17][INFO]:   2048x1536 48Hz, format 22
[2026-03-04 15:33:17][INFO]:   2048x1536 30Hz, format 22
[2026-03-04 15:33:17][INFO]:   2048x1536 24Hz, format 22
[2026-03-04 15:33:17][INFO]:   2048x1536 120Hz, format 22
[2026-03-04 15:33:17][INFO]:   2048x1536 100Hz, format 22
[2026-03-04 15:33:17][INFO]:   2048x1536 75Hz, format 22
[2026-03-04 15:33:17][INFO]:   2560x1440 60Hz, format 22
[2026-03-04 15:33:17][INFO]:   2560x1440 48Hz, format 22
[2026-03-04 15:33:17][INFO]:   2560x1440 30Hz, format 22
[2026-03-04 15:33:17][INFO]:   2560x1440 24Hz, format 22
[2026-03-04 15:33:17][INFO]:   2560x1440 120Hz, format 22
[2026-03-04 15:33:17][INFO]:   2560x1440 100Hz, format 22
[2026-03-04 15:33:17][INFO]:   2560x1440 75Hz, format 22
[2026-03-04 15:33:17][INFO]:   2560x1600 60Hz, format 22
[2026-03-04 15:33:17][INFO]:   2560x1600 48Hz, format 22
[2026-03-04 15:33:17][INFO]:   2560x1600 30Hz, format 22
[2026-03-04 15:33:17][INFO]:   2560x1600 24Hz, format 22
[2026-03-04 15:33:17][INFO]:   2560x1600 120Hz, format 22
[2026-03-04 15:33:17][INFO]:   2560x1600 100Hz, format 22
[2026-03-04 15:33:17][INFO]:   2560x1600 75Hz, format 22
[2026-03-04 15:33:17][INFO]:   2560x1920 60Hz, format 22
[2026-03-04 15:33:17][INFO]:   2560x1920 48Hz, format 22
[2026-03-04 15:33:17][INFO]:   2560x1920 30Hz, format 22
[2026-03-04 15:33:17][INFO]:   2560x1920 24Hz, format 22
[2026-03-04 15:33:17][INFO]:   2560x1920 120Hz, format 22
[2026-03-04 15:33:17][INFO]:   2560x1920 100Hz, format 22
[2026-03-04 15:33:17][INFO]:   2560x1920 75Hz, format 22
[2026-03-04 15:33:17][INFO]:   1440x960 60Hz, format 22
[2026-03-04 15:33:17][INFO]:   1440x960 48Hz, format 22
[2026-03-04 15:33:17][INFO]:   1440x960 30Hz, format 22
[2026-03-04 15:33:17][INFO]:   1440x960 24Hz, format 22
[2026-03-04 15:33:17][INFO]:   1440x960 120Hz, format 22
[2026-03-04 15:33:17][INFO]:   1440x960 100Hz, format 22
[2026-03-04 15:33:17][INFO]:   1440x960 75Hz, format 22
[2026-03-04 15:33:17][INFO]:   1620x1080 60Hz, format 22
[2026-03-04 15:33:17][INFO]:   1620x1080 48Hz, format 22
[2026-03-04 15:33:17][INFO]:   1620x1080 30Hz, format 22
[2026-03-04 15:33:17][INFO]:   1620x1080 24Hz, format 22
[2026-03-04 15:33:17][INFO]:   1620x1080 120Hz, format 22
[2026-03-04 15:33:17][INFO]:   1620x1080 100Hz, format 22
[2026-03-04 15:33:17][INFO]:   1620x1080 75Hz, format 22
[2026-03-04 15:33:17][INFO]:   2160x1440 60Hz, format 22
[2026-03-04 15:33:17][INFO]:   2160x1440 48Hz, format 22
[2026-03-04 15:33:17][INFO]:   2160x1440 30Hz, format 22
[2026-03-04 15:33:17][INFO]:   2160x1440 24Hz, format 22
[2026-03-04 15:33:17][INFO]:   2160x1440 120Hz, format 22
[2026-03-04 15:33:17][INFO]:   2160x1440 100Hz, format 22
[2026-03-04 15:33:17][INFO]:   2160x1440 75Hz, format 22
[2026-03-04 15:33:17][WARN]: RageDisplay_D3D::TryVideoMode( 1, 2560, 1440, 32, 0, 0 )
[2026-03-04 15:33:17][INFO]: Present Parameters: 2560, 1440, 22, 1, 0, 1, 0x970958, 1, 1, 80, 0, 0, 2147483648
[2026-03-04 15:33:17][INFO]: D3D Windowed 2560x1440 32 color 32 texture 120Hz NoVsync NoSmoothLines
[2026-03-04 15:33:17][INFO]: RageInput::RageInput()
[2026-03-04 15:33:17][INFO]: DInput: Enumerating device - Type: 0x413 Instance Name: "Keyboard" Product Name: "Keyboard"
[2026-03-04 15:33:17][INFO]: DInput: Enumerating device - Type: 0x112 Instance Name: "Mouse" Product Name: "Mouse"
[2026-03-04 15:33:18][INFO]: Opening DIDevice 'Keyboard'
[2026-03-04 15:33:18][INFO]: Opening DIDevice 'Mouse'
[2026-03-04 15:33:18][INFO]: Found 2 DirectInput devices:
[2026-03-04 15:33:18][INFO]:    0: 'Keyboard' axes: 0, hats: 0, buttons: 256 (buffered)
[2026-03-04 15:33:18][INFO]:    1: 'Mouse' axes: 3, hats: 0, buttons: 8 (buffered)
[2026-03-04 15:33:18][INFO]: Starting thread: DirectInput thread
[2026-03-04 15:33:18][INFO]: ScreenManager::ThemeChanged
[2026-03-04 15:33:18][INFO]: Loading screen: "ScreenSystemLayer"
[2026-03-04 15:33:20][INFO]: Loaded "ScreenSystemLayer" ("ScreenSystemLayer") in 2.0391963
[2026-03-04 15:33:20][INFO]: Loading screen: "ScreenSyncOverlay"
[2026-03-04 15:33:20][INFO]: Loaded "ScreenSyncOverlay" ("ScreenSyncOverlay") in 0.6451317
[2026-03-04 15:33:20][INFO]: Loading screen: "ScreenStatsOverlay"
[2026-03-04 15:33:20][INFO]: Loaded "ScreenStatsOverlay" ("ScreenStatsOverlay") in 0.0006387
[2026-03-04 15:33:20][INFO]: Loading screen: "ScreenDebugOverlay"
[2026-03-04 15:33:20][INFO]: Loaded "ScreenDebugOverlay" ("ScreenDebugOverlay") in 0.0042166
[2026-03-04 15:33:20][INFO]: Loading screen: "ScreenInstallOverlay"
[2026-03-04 15:33:20][INFO]: Loaded "ScreenInstallOverlay" ("ScreenInstallOverlay") in 0.0003512
[2026-03-04 15:33:20][INFO]: Loading screen: "ScreenChatOverlay"
[2026-03-04 15:33:20][INFO]: Loaded "ScreenChatOverlay" ("ScreenWithMenuElementsBasic") in 0.0086542
[2026-03-04 15:33:20][INFO]: Loading screen: "ScreenHVDownloadOverlay"
[2026-03-04 15:33:20][INFO]: Loaded "ScreenHVDownloadOverlay" ("ScreenWithMenuElementsBasic") in 0.0031232
[2026-03-04 15:33:20][INFO]: Loading screen: "ScreenInit"
[2026-03-04 15:33:20][INFO]: Loaded "ScreenInit" ("ScreenSplash") in 0.003759
[2026-03-04 15:33:20][INFO]: PushLoadedScreen: "ScreenInit"
[2026-03-04 15:33:20][INFO]: Ettp server identified: AltEOMulti (Version: 5)
[2026-03-04 15:33:20][INFO]: Connection to 'AltEOMulti' successful.
[2026-03-04 15:33:20][INFO]: RefreshLastVersion beginning to determine latest game version according to API
[2026-03-04 15:33:20][INFO]: Refreshing Pack Tags
[2026-03-04 15:33:20][INFO]: Generating GetPackTagsRequest
[2026-03-04 15:33:21][INFO]: Loading screen: "ScreenTitleMenu"
[2026-03-04 15:33:21][INFO]: Resetting the current button table
[2026-03-04 15:33:21][INFO]: Loaded "ScreenTitleMenu" ("ScreenTitleMenu") in 0.0506329
[2026-03-04 15:33:21][INFO]: PushLoadedScreen: "ScreenTitleMenu"
[2026-03-04 15:33:21][INFO]: RefreshLastVersion successful - Last Version is 0.74
[2026-03-04 15:33:21][INFO]: Loaded tagType noteskin_tag with 11 tags
[2026-03-04 15:33:21][INFO]: Loaded tagType global_keyCount with 7 tags
[2026-03-04 15:33:21][INFO]: Loaded tagType global_skillset with 8 tags
[2026-03-04 15:33:21][INFO]: Loaded tagType judgement_tag with 5 tags
[2026-03-04 15:33:21][INFO]: Loaded tagType noteskin_type with 5 tags
[2026-03-04 15:33:21][INFO]: Loaded tagType toastie_type with 1 tags
[2026-03-04 15:33:21][INFO]: Loaded tagType toastie_tag with 1 tags
[2026-03-04 15:33:21][INFO]: Loaded tagType pack_bundle with 5 tags
[2026-03-04 15:33:21][INFO]: Loaded tagType pack_tag with 8 tags
[2026-03-04 15:33:21][INFO]: Caching packs for tag 'beginner'
[2026-03-04 15:33:21][INFO]: Generating MultiSearchRequest for (ApiSearchCriteria page: 0, per_page: 100, tags (matchAny=true): ['beginner'])
[2026-03-04 15:33:21][INFO]: Finished creating MultiSearch request for (ApiSearchCriteria page: 0, per_page: 100, tags (matchAny=true): ['beginner'])
[2026-03-04 15:33:21][INFO]: Caching packs for tag 'novice'
[2026-03-04 15:33:21][INFO]: Generating MultiSearchRequest for (ApiSearchCriteria page: 0, per_page: 100, tags (matchAny=true): ['novice'])
[2026-03-04 15:33:21][INFO]: Finished creating MultiSearch request for (ApiSearchCriteria page: 0, per_page: 100, tags (matchAny=true): ['novice'])
[2026-03-04 15:33:21][INFO]: Caching packs for tag 'intermediate'
[2026-03-04 15:33:21][INFO]: Generating MultiSearchRequest for (ApiSearchCriteria page: 0, per_page: 100, tags (matchAny=true): ['intermediate'])
[2026-03-04 15:33:21][INFO]: Finished creating MultiSearch request for (ApiSearchCriteria page: 0, per_page: 100, tags (matchAny=true): ['intermediate'])
[2026-03-04 15:33:21][INFO]: Caching packs for tag 'advanced'
[2026-03-04 15:33:21][INFO]: Generating MultiSearchRequest for (ApiSearchCriteria page: 0, per_page: 100, tags (matchAny=true): ['advanced'])
[2026-03-04 15:33:21][INFO]: Finished creating MultiSearch request for (ApiSearchCriteria page: 0, per_page: 100, tags (matchAny=true): ['advanced'])
[2026-03-04 15:33:21][INFO]: Caching packs for tag 'expert'
[2026-03-04 15:33:21][INFO]: Generating MultiSearchRequest for (ApiSearchCriteria page: 0, per_page: 100, tags (matchAny=true): ['expert'])
[2026-03-04 15:33:21][INFO]: Finished creating MultiSearch request for (ApiSearchCriteria page: 0, per_page: 100, tags (matchAny=true): ['expert'])
[2026-03-04 15:33:22][INFO]: Resetting the current button table
[2026-03-04 15:33:22][INFO]: Loading screen: "ScreenProfileLoad"
[2026-03-04 15:33:22][INFO]: Loaded "ScreenProfileLoad" ("ScreenProfileLoad") in 0.0122708
[2026-03-04 15:33:22][INFO]: PushLoadedScreen: "ScreenProfileLoad"
[2026-03-04 15:33:23][INFO]: Loading screen: "ScreenSelectMusic"
[2026-03-04 15:33:23][WARN]: Lua runtime error: ...-Void/BGAnimations/ScreenSelectMusic overlay/default.lua:33: attempt to get length of global 't' (a nil value)
/Themes/Holographic-Void/BGAnimations/ScreenSelectMusic overlay/default.lua:33: main(accentColor = nil,brightText = nil,panelX = 20,panelW = 307.44,compactProfileX = 343.44,compactProfileY = 365,btnCX = 383.44,btnCY = 343,btnW = 80,btnH = 24,overlayW = 683.2,overlayH = 336,colW = 227.73333333333,scorePageSize = 10,skillsets = nil,subText = nil,mainText = nil,dimText = nil,bgCard = nil,profileOverlayActor = nil,globalTooltipActor = nil,previewActive = nil,inputDebugActor = nil,(*temporary) = nil,(*temporary) = nil,(*temporary) = nil,(*temporary) = nil,(*temporary) = 0,(*temporary) = 6.9516362137988e-310,(*temporary) = 1.3186211372359e-311,(*temporary) = nil,(*temporary) = 2.0750757125332e-322,(*temporary) = Holographic Void,(*temporary) = nil,(*temporary) = 0,(*temporary) = 0.66389994621277,(*temporary) = 1.3186214174265e-311,(*temporary) = 0,(*temporary) = 0.66389994621277,(*temporary) = 1,(*temporary) = nil,(*temporary) = nil,(*temporary) = 0,(*temporary) = 0.66389994621277,(*temporary) = 1.3186214171478e-311,(*temporary) = 1,(*temporary) = 0.66389994621277,(*temporary) = nil,(*temporary) = nil,(*temporary) = nil,(*temporary) = nil,(*temporary) = nil,(*temporary) = nil,(*temporary) = nil,(*temporary) = nil,(*temporary) = nil,(*temporary) = nil,(*temporary) = nil,(*temporary) = nil,(*temporary) = attempt to get length of global 't' (a nil value))
[2026-03-04 15:33:23][INFO]: Loaded "ScreenSelectMusic" ("ScreenSelectMusic") in 0.2659917
[2026-03-04 15:33:23][INFO]: PushLoadedScreen: "ScreenSelectMusic"
[2026-03-04 15:33:23][INFO]: MusicWheel sorting took: 0.654ms
[2026-03-04 15:33:23][INFO]: MusicWheel sorting took: 6.3904ms
[2026-03-04 15:33:23][INFO]: Successful login as AnemoArchon
[2026-03-04 15:33:23][INFO]: Refreshing UserData for AnemoArchon
[2026-03-04 15:33:23][INFO]: Refreshing Favorites - 1990-01-01 12:00:00 to 2100-01-01 12:00:00
[2026-03-04 15:33:23][INFO]: Generating GetFavoritesRequest 1990-1-1 to 2100-1-1
[2026-03-04 15:33:23][INFO]: Finished creating GetFavorites request for 1990-1-1 - 2100-1-1
[2026-03-04 15:33:23][INFO]: Refreshing Goals - 1990-01-01 12:00:00 to 2100-01-01 12:00:00
[2026-03-04 15:33:23][INFO]: Generating GetGoalsRequest 1990-1-1 to 2100-1-1
[2026-03-04 15:33:23][INFO]: Finished creating GetGoals request for 1990-1-1 - 2100-1-1
[2026-03-04 15:33:23][INFO]: Loading Playlists - 1990-01-01 12:00:00 to 2100-01-01 12:00:00
[2026-03-04 15:33:23][INFO]: Generating GetPlaylistsRequest 1990-1-1 to 2100-1-1
[2026-03-04 15:33:23][INFO]: Finished creating GetPlaylistsRequest request for 1990-1-1 - 2100-1-1
[2026-03-04 15:33:23][INFO]: Generating RequestTop25 request for skillset Overall (overall)
[2026-03-04 15:33:23][INFO]: Finished creating RequestTop25 request for skillset Overall
[2026-03-04 15:33:23][INFO]: Generating RequestTop25 request for skillset Stream (stream)
[2026-03-04 15:33:23][INFO]: Finished creating RequestTop25 request for skillset Stream
[2026-03-04 15:33:23][INFO]: Generating RequestTop25 request for skillset Jumpstream (jumpstream)
[2026-03-04 15:33:23][INFO]: Finished creating RequestTop25 request for skillset Jumpstream
[2026-03-04 15:33:23][INFO]: Generating RequestTop25 request for skillset Handstream (handstream)
[2026-03-04 15:33:23][INFO]: Finished creating RequestTop25 request for skillset Handstream
[2026-03-04 15:33:23][INFO]: Generating RequestTop25 request for skillset Stamina (stamina)
[2026-03-04 15:33:23][INFO]: Finished creating RequestTop25 request for skillset Stamina
[2026-03-04 15:33:23][INFO]: Generating RequestTop25 request for skillset JackSpeed (jacks)
[2026-03-04 15:33:23][INFO]: Finished creating RequestTop25 request for skillset JackSpeed
[2026-03-04 15:33:23][INFO]: Generating RequestTop25 request for skillset Chordjack (chordjacks)
[2026-03-04 15:33:23][INFO]: Finished creating RequestTop25 request for skillset Chordjack
[2026-03-04 15:33:23][INFO]: Generating RequestTop25 request for skillset Technical (technical)
[2026-03-04 15:33:23][INFO]: Finished creating RequestTop25 request for skillset Technical
[2026-03-04 15:33:23][INFO]: Generating ranked chartkeys request 2026-3-3 to 2100-1-1
[2026-03-04 15:33:23][INFO]: Finished creating GetRankedChartkeys request for 2026-3-3 - 2100-1-1
[2026-03-04 15:33:23][INFO]: Generating GetChartLeaderboard request for X398f84ff21ca8c16d399864b4792d09a240ad5bd
[2026-03-04 15:33:23][INFO]: Finished creating GetChartLeaderboard request for X398f84ff21ca8c16d399864b4792d09a240ad5bd
[2026-03-04 15:33:24][INFO]: Starting thread: Buffered Audio Streamer
[2026-03-04 15:33:24][INFO]: For tag 'intermediate', cached pack 1 (id 3302): Acerola
[2026-03-04 15:33:24][INFO]: For tag 'intermediate', cached pack 2 (id 3417): Chordial Blitz
[2026-03-04 15:33:24][INFO]: For tag 'intermediate', cached pack 3 (id 3553): Fennec Fantasy
[2026-03-04 15:33:24][INFO]: For tag 'intermediate', cached pack 4 (id 3637): hi19hi19 Pack 3 - Popcorn Blast JS Buttery Snack Filez
[2026-03-04 15:33:24][INFO]: For tag 'intermediate', cached pack 5 (id 3636): hi19hi19 Pack 4 - Modern Keyboardsmash
[2026-03-04 15:33:24][INFO]: For tag 'intermediate', cached pack 6 (id 3635): hi19hi19 Pack 5 - Streams and Memes
[2026-03-04 15:33:24][INFO]: For tag 'intermediate', cached pack 7 (id 3779): LEINISM
[2026-03-04 15:33:24][INFO]: For tag 'intermediate', cached pack 8 (id 3874): Nuclear Blast JS Awesome Bomb Filez 5
[2026-03-04 15:33:24][INFO]: For tag 'intermediate', cached pack 9 (id 3868): ODIPack3
[2026-03-04 15:33:24][INFO]: For tag 'intermediate', cached pack 10 (id 5000): World of Corruption
[2026-03-04 15:33:24][INFO]: For tag 'intermediate', cached pack 11 (id 4352): Yolomania Vol. 3
[2026-03-04 15:33:24][INFO]: For tag 'intermediate', cached pack 12 (id 4351): Yolomania Vol. 4
[2026-03-04 15:33:24][INFO]: For tag 'intermediate', finished caching packs - 12 total
[2026-03-04 15:33:24][INFO]: For tag 'expert', cached pack 1 (id 4614): April Singles
[2026-03-04 15:33:24][INFO]: For tag 'expert', cached pack 2 (id 3431): cesspool of ribal 4
[2026-03-04 15:33:24][INFO]: For tag 'expert', cached pack 3 (id 3479): Denpack Append
[2026-03-04 15:33:24][INFO]: For tag 'expert', cached pack 4 (id 3486): DumpAss Dude's Dream
[2026-03-04 15:33:24][INFO]: For tag 'expert', cached pack 5 (id 3589): Fullerene Shift
[2026-03-04 15:33:24][INFO]: For tag 'expert', cached pack 6 (id 3827): Mina Minimegapack 6 (daunrealonez)
[2026-03-04 15:33:24][INFO]: For tag 'expert', cached pack 7 (id 3814): Miracle Streamz^2
[2026-03-04 15:33:24][INFO]: For tag 'expert', cached pack 8 (id 5000): World of Corruption
[2026-03-04 15:33:24][INFO]: For tag 'expert', finished caching packs - 8 total
[2026-03-04 15:33:24][INFO]: For tag 'novice', cached pack 1 (id 3455): Dark Chanchellors Pack
[2026-03-04 15:33:24][INFO]: For tag 'novice', cached pack 2 (id 3569): FFR Partyy Pack Vol. 1
[2026-03-04 15:33:24][INFO]: For tag 'novice', cached pack 3 (id 3712): Keyboard Collaboration II
[2026-03-04 15:33:24][INFO]: For tag 'novice', cached pack 4 (id 3711): Keyboard Collaboration III
[2026-03-04 15:33:24][INFO]: For tag 'novice', cached pack 5 (id 3768): Light Chancellors Pack 3
[2026-03-04 15:33:24][INFO]: For tag 'novice', cached pack 6 (id 3938): Oxicleaned
[2026-03-04 15:33:24][INFO]: For tag 'novice', cached pack 7 (id 4212): Stepping Stones 4
[2026-03-04 15:33:24][INFO]: For tag 'novice', cached pack 8 (id 4330): VGMP 4
[2026-03-04 15:33:24][INFO]: For tag 'novice', cached pack 9 (id 4368): Xoon 5 -The Transition-
[2026-03-04 15:33:24][INFO]: For tag 'novice', finished caching packs - 9 total
[2026-03-04 15:33:24][INFO]: For tag 'beginner', cached pack 1 (id 4822): ISAAC's Casualties of Rhythm 4
[2026-03-04 15:33:24][INFO]: For tag 'beginner', cached pack 2 (id 3928): Otaku's Dream 10th Anime Mix
[2026-03-04 15:33:24][INFO]: For tag 'beginner', cached pack 3 (id 3929): Otaku's Dream 9th Anime Mix
[2026-03-04 15:33:24][INFO]: For tag 'beginner', cached pack 4 (id 3975): Piece of Cake 8
[2026-03-04 15:33:24][INFO]: For tag 'beginner', cached pack 5 (id 4197): Super Meat Boy! Full-Keyboard Stepmania Pack
[2026-03-04 15:33:24][INFO]: For tag 'beginner', cached pack 6 (id 4314): Vocaloid Collaboration 12
[2026-03-04 15:33:24][INFO]: For tag 'beginner', cached pack 7 (id 4313): Vocaloid Collaboration 13
[2026-03-04 15:33:24][INFO]: For tag 'beginner', finished caching packs - 7 total
[2026-03-04 15:33:24][INFO]: For tag 'advanced', cached pack 1 (id 3334): Autotelic Jacks
[2026-03-04 15:33:24][INFO]: For tag 'advanced', cached pack 2 (id 3403): Bursts Of A Teitoku Kai
[2026-03-04 15:33:24][INFO]: For tag 'advanced', cached pack 3 (id 4473): Jumpstream Of Fighters Vol. 1
[2026-03-04 15:33:24][INFO]: For tag 'advanced', cached pack 4 (id 3735): Jumpstream Of Fighters Vol. 2
[2026-03-04 15:33:24][INFO]: For tag 'advanced', cached pack 5 (id 3756): Lofty Minipack 4 (Paradise Loft)
[2026-03-04 15:33:24][INFO]: For tag 'advanced', cached pack 6 (id 3819): Minty Fresh Pack 3
[2026-03-04 15:33:24][INFO]: For tag 'advanced', cached pack 7 (id 3873): Nuclear Kimchi Chordjack Pack
[2026-03-04 15:33:24][INFO]: For tag 'advanced', cached pack 8 (id 4074): Skwid's Minipack 8 (Ok Here It Is Edition)
[2026-03-04 15:33:24][INFO]: For tag 'advanced', cached pack 9 (id 4073): Skwid's Minipack 9 (Anchor Edition)
[2026-03-04 15:33:24][INFO]: For tag 'advanced', cached pack 10 (id 4240): Treatpack 1
[2026-03-04 15:33:24][INFO]: For tag 'advanced', cached pack 11 (id 4295): Valedumps 2
[2026-03-04 15:33:24][INFO]: For tag 'advanced', cached pack 12 (id 5000): World of Corruption
[2026-03-04 15:33:24][INFO]: For tag 'advanced', finished caching packs - 12 total
[2026-03-04 15:33:24][INFO]: GetFavoritesRequest returned successfully. Found 0 online favorites
[2026-03-04 15:33:24][INFO]: Found 0 online favorites to save locally, and 0 favorites to upload online
[2026-03-04 15:33:24][INFO]: GetPlaylistsRequest returned successfully. Found 0 online playlists
[2026-03-04 15:33:24][INFO]: Found 0 online playlists which are saved locally, and 0 which are not
[2026-03-04 15:33:24][INFO]: RefreshUserData for AnemoArchon succeeded - Rank 980 - Overall 28.839111328125
[2026-03-04 15:33:24][INFO]: GetGoalsRequest returned successfully. Found 0 online goals
[2026-03-04 15:33:24][INFO]: Found 0 online goals to save locally, 0 local goals to update online, and 0 local goals to upload as new ones
[2026-03-04 15:33:25][INFO]: GetRankedChartkeys succeeded - 0 keys found for range 2026-3-3 - 2100-1-1 | 0 total keys
[2026-03-04 15:33:25][INFO]: Didn't find any scores to automatically upload
[2026-03-04 15:33:26][INFO]: DEBUG: Toggle Show Errors
[2026-03-04 15:33:26][INFO]: GetChartLeaderboard finished, but no callback was set
[2026-03-04 15:33:26][INFO]: GetChartLeaderboard for X398f84ff21ca8c16d399864b4792d09a240ad5bd succeeded - 407 scores found
[2026-03-04 15:33:27][INFO]: Loading screen: "ScreenTitleMenu"
[2026-03-04 15:33:27][INFO]: Resetting the current button table
[2026-03-04 15:33:27][INFO]: Loaded "ScreenTitleMenu" ("ScreenTitleMenu") in 0.0190059
[2026-03-04 15:33:27][INFO]: PushLoadedScreen: "ScreenTitleMenu"
[2026-03-04 15:33:27][INFO]: RequestTop25 found 25 scores for skillset Chordjack
[2026-03-04 15:33:27][INFO]: RequestTop25 found 25 scores for skillset JackSpeed
[2026-03-04 15:33:28][INFO]: RequestTop25 found 25 scores for skillset Technical
[2026-03-04 15:33:28][INFO]: Resetting the current button table
[2026-03-04 15:33:28][INFO]: Loading screen: "ScreenProfileLoad"
[2026-03-04 15:33:28][INFO]: Loaded "ScreenProfileLoad" ("ScreenProfileLoad") in 0.0016332
[2026-03-04 15:33:28][INFO]: PushLoadedScreen: "ScreenProfileLoad"
[2026-03-04 15:33:28][INFO]: RequestTop25 found 25 scores for skillset Stream
[2026-03-04 15:33:28][INFO]: RequestTop25 found 25 scores for skillset Handstream
[2026-03-04 15:33:28][INFO]: RequestTop25 found 25 scores for skillset Overall
[2026-03-04 15:33:28][INFO]: RequestTop25 found 25 scores for skillset Stamina
[2026-03-04 15:33:28][INFO]: RequestTop25 found 25 scores for skillset Jumpstream
[2026-03-04 15:33:29][INFO]: Loading screen: "ScreenSelectMusic"
[2026-03-04 15:33:29][WARN]: Lua runtime error: ...-Void/BGAnimations/ScreenSelectMusic overlay/default.lua:33: attempt to get length of global 't' (a nil value)
/Themes/Holographic-Void/BGAnimations/ScreenSelectMusic overlay/default.lua:33: main(accentColor = nil,brightText = nil,panelX = 20,panelW = 307.44,compactProfileX = 343.44,compactProfileY = 365,btnCX = 383.44,btnCY = 343,btnW = 80,btnH = 24,overlayW = 683.2,overlayH = 336,colW = 227.73333333333,scorePageSize = 10,skillsets = nil,subText = nil,mainText = nil,dimText = nil,bgCard = nil,profileOverlayActor = nil,globalTooltipActor = nil,previewActive = nil,inputDebugActor = nil,(*temporary) = nil,(*temporary) = nil,(*temporary) = 0,(*temporary) = 6.9516362137988e-310,(*temporary) = 1.3186211372359e-311,(*temporary) = nil,(*temporary) = 2.0750757125332e-322,(*temporary) = Holographic Void,(*temporary) = nil,(*temporary) = 0,(*temporary) = 0,(*temporary) = 0,(*temporary) = {
  toasty= {["0e2d75782fca2930"]= "Assets/Toasties/default", 
    default= "Assets/Toasties/default"}, 
  avatar= {d62bae41d67df54d= "Assets/Avatars/_fallback.png", 
    be168b1b1595b41e= "Assets/Avatars/_fallback.png", 
    ["988700197e8315b5"]= "Assets/Avatars/_fallback.png", 
    ["831e74208ca92913"]= "Assets/Avatars/_fallback.png", 
    ["18eb5f65d92fca97"]= "Assets/Avatars/_fallback.png", 
    ad6e5de316622813= "Assets/Avatars/_fallback.png", 
    ["3ea56dca42b9aae0"]= "Assets/Avatars/_fallback.png", 
    aec0169098d8c939= "Assets/Avatars/_fallback.png", 
    f3f6a6d400d0b394= "Assets/Avatars/_fallback.png", 
    db1b254ea23c8e68= "Assets/Avatars/_fallback.png", 
    c4c1673161afcee3= "Assets/Avatars/_fallback.png", 
    ["880186f6f3c7f005"]= "Assets/Avatars/_fallback.png", 
    ["5e84cd7ff2ae3b61"]= "Assets/Avatars/_fallback.png", 
    ["45e11efac22f7f62"]= "Assets/Avatars/_fallback.png", 
    default= "Assets/Avatars/_fallback.png", 
    ["280be0f865e6ea81"]= "Assets/Avatars/_fallback.png", 
    ["0e2d75782fca2930"]= "Assets/Avatars/_fallback.png", 
    ["7cdfd68fc198dc3b"]= "Assets/Avatars/_fallback.png", 
    ["1e3e9cbc06aab570"]= "Assets/Avatars/_fallback.png", 
    bbbf3e0a72e74dd3= "Assets/Avatars/_fallback.png", 
    d1f77ba2ead06d09= "Assets/Avatars/_fallback.png", 
    ["0e6c04873e53c7f8"]= "Assets/Avatars/_fallback.png", 
    ["4116a3015369d651"]= "Assets/Avatars/_fallback.png", 
    c088610146b7805b= "Assets/Avatars/_fallback.png", 
    ["9526339940f0bd81"]= "Assets/Avatars/_fallback.png", 
    ab8878e63593a028= "Assets/Avatars/_fallback.png", 
    ["2182dd482afc2017"]= "Assets/Avatars/_fallback.png"}, 
  judgment= {
    ["0e2d75782fca2930"]= "Assets/Judgments/Judgment Normal 2x6 (Doubleres).png", 
    default= "Assets/Judgments/default 1x6 (Doubleres).png"}},(*temporary) = nil,(*temporary) = , ,(*temporary) = nil,(*temporary) = {
  toasty= {["0e2d75782fca2930"]= "Assets/Toasties/default", 
    default= "Assets/Toasties/default"}, 
  avatar= {d62bae41d67df54d= "Assets/Avatars/_fallback.png", 
    be168b1b1595b41e= "Assets/Avatars/_fallback.png", 
    ["988700197e8315b5"]= "Assets/Avatars/_fallback.png", 
    ["831e74208ca92913"]= "Assets/Avatars/_fallback.png", 
    ["18eb5f65d92fca97"]= "Assets/Avatars/_fallback.png", 
    ad6e5de316622813= "Assets/Avatars/_fallback.png", 
    ["3ea56dca42b9aae0"]= "Assets/Avatars/_fallback.png", 
    aec0169098d8c939= "Assets/Avatars/_fallback.png", 
    f3f6a6d400d0b394= "Assets/Avatars/_fallback.png", 
    db1b254ea23c8e68= "Assets/Avatars/_fallback.png", 
    c4c1673161afcee3= "Assets/Avatars/_fallback.png", 
    ["880186f6f3c7f005"]= "Assets/Avatars/_fallback.png", 
    ["5e84cd7ff2ae3b61"]= "Assets/Avatars/_fallback.png", 
    ["45e11efac22f7f62"]= "Assets/Avatars/_fallback.png", 
    default= "Assets/Avatars/_fallback.png", 
    ["280be0f865e6ea81"]= "Assets/Avatars/_fallback.png", 
    ["0e2d75782fca2930"]= "Assets/Avatars/_fallback.png", 
    ["7cdfd68fc198dc3b"]= "Assets/Avatars/_fallback.png", 
    ["1e3e9cbc06aab570"]= "Assets/Avatars/_fallback.png", 
    bbbf3e0a72e74dd3= "Assets/Avatars/_fallback.png", 
    d1f77ba2ead06d09= "Assets/Avatars/_fallback.png", 
    ["0e6c04873e53c7f8"]= "Assets/Avatars/_fallback.png", 
    ["4116a3015369d651"]= "Assets/Avatars/_fallback.png", 
    c088610146b7805b= "Assets/Avatars/_fallback.png", 
    ["9526339940f0bd81"]= "Assets/Avatars/_fallback.png", 
    ab8878e63593a028= "Assets/Avatars/_fallback.png", 
    ["2182dd482afc2017"]= "Assets/Avatars/_fallback.png"}, 
  judgment= {
    ["0e2d75782fca2930"]= "Assets/Judgments/Judgment Normal 2x6 (Doubleres).png", 
    default= "Assets/Judgments/default 1x6 (Doubleres).png"}},(*temporary) = },(*temporary) = nil,(*temporary) = judgment,(*temporary) = nil,(*temporary) = nil,(*temporary) = nil,(*temporary) = 1.3186212644341e-311,(*temporary) = judgment,(*temporary) = nil,(*temporary) = nil,(*temporary) = judgment= ,(*temporary) = {
    ["0e2d75782fca2930"]= "Assets/Judgments/Judgment Normal 2x6 (Doubleres).png", 
    default= "Assets/Judgments/default 1x6 (Doubleres).png"},(*temporary) = , 
  judgment= {
    ["0e2d75782fca2930"]= "Assets/Judgments/Judgment Normal 2x6 (Doubleres).png", 
    default= "Assets/Judgments/default 1x6 (Doubleres).png"},(*temporary) = {
  toasty= {["0e2d75782fca2930"]= "Assets/Toasties/default", 
    default= "Assets/Toasties/default"}, 
  avatar= {d62bae41d67df54d= "Assets/Avatars/_fallback.png", 
    be168b1b1595b41e= "Assets/Avatars/_fallback.png", 
    ["988700197e8315b5"]= "Assets/Avatars/_fallback.png", 
    ["831e74208ca92913"]= "Assets/Avatars/_fallback.png", 
    ["18eb5f65d92fca97"]= "Assets/Avatars/_fallback.png", 
    ad6e5de316622813= "Assets/Avatars/_fallback.png", 
    ["3ea56dca42b9aae0"]= "Assets/Avatars/_fallback.png", 
    aec0169098d8c939= "Assets/Avatars/_fallback.png", 
    f3f6a6d400d0b394= "Assets/Avatars/_fallback.png", 
    db1b254ea23c8e68= "Assets/Avatars/_fallback.png", 
    c4c1673161afcee3= "Assets/Avatars/_fallback.png", 
    ["880186f6f3c7f005"]= "Assets/Avatars/_fallback.png", 
    ["5e84cd7ff2ae3b61"]= "Assets/Avatars/_fallback.png", 
    ["45e11efac22f7f62"]= "Assets/Avatars/_fallback.png", 
    default= "Assets/Avatars/_fallback.png", 
    ["280be0f865e6ea81"]= "Assets/Avatars/_fallback.png", 
    ["0e2d75782fca2930"]= "Assets/Avatars/_fallback.png", 
    ["7cdfd68fc198dc3b"]= "Assets/Avatars/_fallback.png", 
    ["1e3e9cbc06aab570"]= "Assets/Avatars/_fallback.png", 
    bbbf3e0a72e74dd3= "Assets/Avatars/_fallback.png", 
    d1f77ba2ead06d09= "Assets/Avatars/_fallback.png", 
    ["0e6c04873e53c7f8"]= "Assets/Avatars/_fallback.png", 
    ["4116a3015369d651"]= "Assets/Avatars/_fallback.png", 
    c088610146b7805b= "Assets/Avatars/_fallback.png", 
    ["9526339940f0bd81"]= "Assets/Avatars/_fallback.png", 
    ab8878e63593a028= "Assets/Avatars/_fallback.png", 
    ["2182dd482afc2017"]= "Assets/Avatars/_fallback.png"}, 
  judgment= {
    ["0e2d75782fca2930"]= "Assets/Judgments/Judgment Normal 2x6 (Doubleres).png", 
    default= "Assets/Judgments/default 1x6 (Doubleres).png"},(*temporary) = , 
  judgment= {
    ["0e2d75782fca2930"]= "Assets/Judgments/Judgment Normal 2x6 (Doubleres).png", 
    default= "Assets/Judgments/default 1x6 (Doubleres).png"},(*temporary) =   ,(*temporary) = judgment= {
    ["0e2d75782fca2930"]= "Assets/Judgments/Judgment Normal 2x6 (Doubleres).png", 
    default= "Assets/Judgments/default 1x6 (Doubleres).png"},(*temporary) =     ,(*temporary) = {
    ["0e2d75782fca2930"]= "Assets/Judgments/Judgment Normal 2x6 (Doubleres).png", 
    default= "Assets/Judgments/default 1x6 (Doubleres).png"},(*temporary) = attempt to get length of global 't' (a nil value))
[2026-03-04 15:33:29][INFO]: Loaded "ScreenSelectMusic" ("ScreenSelectMusic") in 0.135562
[2026-03-04 15:33:29][INFO]: PushLoadedScreen: "ScreenSelectMusic"
[2026-03-04 15:33:29][INFO]: MusicWheel sorting took: 0.0895ms
[2026-03-04 15:33:29][INFO]: MusicWheel sorting took: 4.6045ms
[2026-03-04 15:33:29][INFO]: Generating GetChartLeaderboard request for X398f84ff21ca8c16d399864b4792d09a240ad5bd
[2026-03-04 15:33:29][INFO]: Finished creating GetChartLeaderboard request for X398f84ff21ca8c16d399864b4792d09a240ad5bd
[2026-03-04 15:33:29][INFO]: Starting thread: Buffered Audio Streamer
[2026-03-04 15:33:31][INFO]: Loaded external keyboard layout 00000409
[2026-03-04 15:33:32][INFO]: GetChartLeaderboard finished, but no callback was set
[2026-03-04 15:33:32][INFO]: GetChartLeaderboard for X398f84ff21ca8c16d399864b4792d09a240ad5bd succeeded - 407 scores found
[2026-03-04 15:33:33][INFO]: WM_CLOSE: shutting down
[2026-03-04 15:33:33][INFO]: Loaded external keyboard layout 00000409
[2026-03-04 15:33:33][INFO]: Shutting down mixer thread ...
[2026-03-04 15:33:33][INFO]: Mixer thread shut down.
[2026-03-04 15:33:33][INFO]: Shutting down decode thread ...
[2026-03-04 15:33:33][INFO]: Decode thread shut down.
[2026-03-04 15:33:33][INFO]: Shutting down DirectInput thread ...
[2026-03-04 15:33:33][INFO]: DirectInput thread shut down.
[2026-03-04 15:33:33][INFO]: Shutting down music start thread ...
[2026-03-04 15:33:33][INFO]: Music start thread shut down.
[2026-03-04 15:33:33][INFO]: RageDisplay_D3D::~RageDisplay()
[2026-03-04 15:33:34][INFO]: Logging out
